
🔄 Перезагрузка конфигурации...
Загружено групп: 3
Группа ID: test_group_1
Описание: Тестовая группа 1 — простые файлы
  → Инициализация директории: /home/maksd/course_wrok/test_storage/group1
  ⚠ Резервная копия отсутствует, создаём заново...
  ✔ Резервная копия восстановлена: 08e396fb
-------------------------------
Группа ID: test_group_2
Описание: Тестовая группа 2 — с рекурсивным обходом
  → Инициализация директории: /home/maksd/course_wrok/test_storage/group2
-------------------------------
Группа ID: test_group_3
Описание: Тестовая группа 3 — без контрольных сумм
  → Инициализация директории: /home/maksd/course_wrok/test_storage/group3
-------------------------------
✔ Конфигурация обновлена. Отслеживаемых файлов: 14
Нажмите Enter для выхода...

🔄 Перезагрузка конфигурации...
Загружено групп: 3
Группа ID: test_group_1
Описание: Тестовая группа 1 — простые файлы
  → Инициализация директории: /home/maksd/course_wrok/test_storage/group1
  ⚠ Резервная копия отсутствует, создаём заново...
  ✔ Резервная копия восстановлена: 6b0b3c90
-------------------------------
Группа ID: test_group_2
Описание: Тестовая группа 2 — с рекурсивным обходом
  → Инициализация директории: /home/maksd/course_wrok/test_storage/group2
-------------------------------
Группа ID: test_group_3
Описание: Тестовая группа 3 — без контрольных сумм
  → Инициализация директории: /home/maksd/course_wrok/test_storage/group3
-------------------------------
✔ Конфигурация обновлена. Отслеживаемых файлов: 14
Нажмите Enter для выхода...

🔄 Перезагрузка конфигурации...
Загружено групп: 3
Группа ID: test_group_1
Описание: Тестовая группа 1 — простые файлы
  → Инициализация директории: /home/maksd/course_wrok/test_storage/group1
  ⚠ Резервная копия отсутствует, создаём заново...
  ✔ Резервная копия восстановлена: 1fa55e72
-------------------------------
Группа ID: test_group_2
Описание: Тестовая группа 2 — с рекурсивным обходом
  → Инициализация директории: /home/maksd/course_wrok/test_storage/group2
-------------------------------
Группа ID: test_group_3
Описание: Тестовая группа 3 — без контрольных сумм
  → Инициализация директории: /home/maksd/course_wrok/test_storage/group3
-------------------------------
✔ Конфигурация обновлена. Отслеживаемых файлов: 14
Нажмите Enter для выхода...
📝 Изменение файла: /home/maksd/course_wrok/test_storage/group1/2.txt
  → Файл модифицирован. Пересчитываем хеш...
  ✔ Резервная копия сохранена и хеш обновлён.
📝 Изменение файла: /home/maksd/course_wrok/test_storage/group1/2.txt
  → Файл модифицирован. Пересчитываем хеш...
  ✔ Резервная копия сохранена и хеш обновлён.
